#
# There is insufficient memory for the Java Runtime Environment to continue.
# Native memory allocation (mmap) failed to map 335544320 bytes for committing reserved memory.
# Possible reasons:
#   The system is out of physical RAM or swap space
#   In 32 bit mode, the process size limit was hit
# Possible solutions:
#   Reduce memory load on the system
#   Increase physical memory or swap space
#   Check if swap backing store is full
#   Use 64 bit Java on a 64 bit OS
#   Decrease Java heap size (-Xmx/-Xms)
#   Decrease number of Java threads
#   Decrease Java thread stack sizes (-Xss)
#   Set larger code cache with -XX:ReservedCodeCacheSize=
# This output file may be truncated or incomplete.
#
#  Out of Memory Error (os_linux.cpp:2640), pid=32433, tid=0x00007f9c804c0700
#
# JRE version: Java(TM) SE Runtime Environment (8.0_151-b12) (build 1.8.0_151-b12)
# Java VM: Java HotSpot(TM) 64-Bit Server VM (25.151-b12 mixed mode linux-amd64 compressed oops)
# Failed to write core dump. Core dumps have been disabled. To enable core dumping, try "ulimit -c unlimited" before starting Java again
#

---------------  T H R E A D  ---------------

Current thread (0x00007f9c9413f800):  JavaThread "Thread-0" [_thread_in_vm, id=32464, stack(0x00007f9c803c0000,0x00007f9c804c1000)]

Stack: [0x00007f9c803c0000,0x00007f9c804c1000],  sp=0x00007f9c804bea60,  free space=1018k
Native frames: (J=compiled Java code, j=interpreted, Vv=VM code, C=native code)
V  [libjvm.so+0xacb58a]  VMError::report_and_die()+0x2ba
V  [libjvm.so+0x4ff4ab]  report_vm_out_of_memory(char const*, int, unsigned long, VMErrorType, char const*)+0x8b
V  [libjvm.so+0x928113]  os::Linux::commit_memory_impl(char*, unsigned long, bool)+0x103
V  [libjvm.so+0x928669]  os::pd_commit_memory(char*, unsigned long, unsigned long, bool)+0x29
V  [libjvm.so+0x92288a]  os::commit_memory(char*, unsigned long, unsigned long, bool)+0x2a
V  [libjvm.so+0x9973e3]  PSVirtualSpace::expand_by(unsigned long)+0x53
V  [libjvm.so+0x987a69]  PSOldGen::expand_by(unsigned long)+0x49
V  [libjvm.so+0x987cd5]  PSOldGen::expand(unsigned long)+0x1a5
V  [libjvm.so+0x987f5a]  PSOldGen::expand_and_allocate(unsigned long)+0x1a
V  [libjvm.so+0x98807b]  PSOldGen::allocate(unsigned long)+0xcb
V  [libjvm.so+0x94bd8e]  ParallelScavengeHeap::mem_allocate(unsigned long, bool*)+0xfe
V  [libjvm.so+0xa90d2e]  TypeArrayKlass::allocate_common(int, bool, Thread*)+0x26e
V  [libjvm.so+0x3dfa5a]  Runtime1::new_type_array(JavaThread*, Klass*, int)+0x2a
v  ~RuntimeStub::new_type_array Runtime1 stub
J 44 C1 java.util.Arrays.copyOf([BI)[B (19 bytes) @ 0x00007f9c84ceca66 [0x00007f9c84cec860+0x206]
j  java.lang.StringCoding.safeTrim([BILjava/nio/charset/Charset;Z)[B+20
j  java.lang.StringCoding.access$300([BILjava/nio/charset/Charset;Z)[B+4
j  java.lang.StringCoding$StringEncoder.encode([CII)[B+67
j  java.lang.StringCoding.encode(Ljava/lang/String;[CII)[B+116
j  java.lang.StringCoding.encode([CII)[B+11
j  java.lang.String.getBytes()[B+10
j  Test1.testLoadFile(I)V+332
j  Test1.access$000(I)V+1
j  Test1$1.run()V+3
v  ~StubRoutines::call_stub
V  [libjvm.so+0x693e76]  JavaCalls::call_helper(JavaValue*, methodHandle*, JavaCallArguments*, Thread*)+0x1056
V  [libjvm.so+0x694381]  JavaCalls::call_virtual(JavaValue*, KlassHandle, Symbol*, Symbol*, JavaCallArguments*, Thread*)+0x321
V  [libjvm.so+0x694827]  JavaCalls::call_virtual(JavaValue*, Handle, KlassHandle, Symbol*, Symbol*, Thread*)+0x47
V  [libjvm.so+0x72fbb0]  thread_entry(JavaThread*, Thread*)+0xa0
V  [libjvm.so+0xa79b53]  JavaThread::thread_main_inner()+0x103
V  [libjvm.so+0xa79c9c]  JavaThread::run()+0x11c
V  [libjvm.so+0x92a728]  java_start(Thread*)+0x108
C  [libpthread.so.0+0x76ba]  start_thread+0xca

Java frames: (J=compiled Java code, j=interpreted, Vv=VM code)
v  ~RuntimeStub::new_type_array Runtime1 stub
J 44 C1 java.util.Arrays.copyOf([BI)[B (19 bytes) @ 0x00007f9c84ceca66 [0x00007f9c84cec860+0x206]
j  java.lang.StringCoding.safeTrim([BILjava/nio/charset/Charset;Z)[B+20
j  java.lang.StringCoding.access$300([BILjava/nio/charset/Charset;Z)[B+4
j  java.lang.StringCoding$StringEncoder.encode([CII)[B+67
j  java.lang.StringCoding.encode(Ljava/lang/String;[CII)[B+116
j  java.lang.StringCoding.encode([CII)[B+11
j  java.lang.String.getBytes()[B+10
j  Test1.testLoadFile(I)V+332
j  Test1.access$000(I)V+1
j  Test1$1.run()V+3
v  ~StubRoutines::call_stub

---------------  P R O C E S S  ---------------

Java Threads: ( => current thread )
  0x00007f9c3c06e000 JavaThread "Abandoned connection cleanup thread" daemon [_thread_blocked, id=32465, stack(0x00007f9c802bf000,0x00007f9c803c0000)]
  0x00007f9c9400a800 JavaThread "DestroyJavaVM" [_thread_blocked, id=32436, stack(0x00007f9c9aaec000,0x00007f9c9abed000)]
=>0x00007f9c9413f800 JavaThread "Thread-0" [_thread_in_vm, id=32464, stack(0x00007f9c803c0000,0x00007f9c804c1000)]
  0x00007f9c94135800 JavaThread "Monitor Ctrl-Break" daemon [_thread_in_native, id=32463, stack(0x00007f9c809d9000,0x00007f9c80ada000)]
  0x00007f9c940c0800 JavaThread "Service Thread" daemon [_thread_blocked, id=32461, stack(0x00007f9c80e16000,0x00007f9c80f17000)]
  0x00007f9c940bd800 JavaThread "C1 CompilerThread2" daemon [_thread_blocked, id=32460, stack(0x00007f9c80f17000,0x00007f9c81018000)]
  0x00007f9c940bb800 JavaThread "C2 CompilerThread1" daemon [_thread_blocked, id=32458, stack(0x00007f9c81018000,0x00007f9c81119000)]
  0x00007f9c940b8800 JavaThread "C2 CompilerThread0" daemon [_thread_blocked, id=32457, stack(0x00007f9c81119000,0x00007f9c8121a000)]
  0x00007f9c940b4800 JavaThread "Signal Dispatcher" daemon [_thread_blocked, id=32456, stack(0x00007f9c8121a000,0x00007f9c8131b000)]
  0x00007f9c94084800 JavaThread "Finalizer" daemon [_thread_blocked, id=32450, stack(0x00007f9c817a6000,0x00007f9c818a7000)]
  0x00007f9c94080000 JavaThread "Reference Handler" daemon [_thread_blocked, id=32449, stack(0x00007f9c818a7000,0x00007f9c819a8000)]

Other Threads:
  0x00007f9c94078800 VMThread [stack: 0x00007f9c819a8000,0x00007f9c81aa9000] [id=32446]
  0x00007f9c940c3000 WatcherThread [stack: 0x00007f9c80d15000,0x00007f9c80e16000] [id=32462]

VM state:not at safepoint (normal execution)

VM Mutex/Monitor currently owned by a thread:  ([mutex/lock_event])
[0x00007f9c940063c0] ExpandHeap_lock - owner thread: 0x00007f9c9413f800
[0x00007f9c94006f40] Heap_lock - owner thread: 0x00007f9c9413f800

Heap:
 PSYoungGen      total 203776K, used 54408K [0x0000000781e00000, 0x000000079ab00000, 0x00000007c0000000)
  eden space 194560K, 27% used [0x0000000781e00000,0x000000078530a180,0x000000078dc00000)
  from space 9216K, 1% used [0x000000078dc00000,0x000000078dc18000,0x000000078e500000)
  to   space 8704K, 0% used [0x000000079a280000,0x000000079a280000,0x000000079ab00000)
 ParOldGen       total 1708032K, used 1659082K [0x0000000705a00000, 0x000000076de00000, 0x0000000781e00000)
  object space 1708032K, 97% used [0x0000000705a00000,0x000000076ae32a80,0x000000076de00000)
 Metaspace       used 6872K, capacity 6934K, committed 7168K, reserved 1056768K
  class space    used 720K, capacity 754K, committed 768K, reserved 1048576K

Card table byte_map: [0x00007f9c8423e000,0x00007f9c84812000] byte_map_base: 0x00007f9c80a11000

Marking Bits: (ParMarkBitMap*) 0x00007f9c99fbbf80
 Begin Bits: [0x00007f9c5e2d0000, 0x00007f9c61168000)
 End Bits:   [0x00007f9c61168000, 0x00007f9c64000000)

Polling page: 0x00007f9c9ac0b000

CodeCache: size=245760Kb used=2096Kb max_used=2108Kb free=243664Kb
 bounds [0x00007f9c84bd2000, 0x00007f9c84e42000, 0x00007f9c93bd2000]
 total_blobs=692 nmethods=345 adapters=261
 compilation: enabled

Compilation events (10 events):
Event: 5.204 Thread 0x00007f9c940bd800  341       3       java.lang.Character::isSurrogate (18 bytes)
Event: 5.216 Thread 0x00007f9c940bd800 nmethod 341 0x00007f9c84dd3a90 code [0x00007f9c84dd3c00, 0x00007f9c84dd3dd0]
Event: 5.216 Thread 0x00007f9c940bd800  342       3       sun.nio.cs.UTF_8$Encoder::encode (359 bytes)
Event: 5.216 Thread 0x00007f9c940bb800  343       4       java.lang.Character::isSurrogate (18 bytes)
Event: 5.219 Thread 0x00007f9c940bd800 nmethod 342 0x00007f9c84db5cd0 code [0x00007f9c84db5ee0, 0x00007f9c84db6a48]
Event: 5.219 Thread 0x00007f9c940b8800  344 %     4       sun.nio.cs.UTF_8$Encoder::encode @ 54 (359 bytes)
Event: 5.232 Thread 0x00007f9c940bb800 nmethod 343 0x00007f9c84db5410 code [0x00007f9c84db5560, 0x00007f9c84db55b8]
Event: 5.233 Thread 0x00007f9c940b8800 nmethod 344% 0x00007f9c84dd2f50 code [0x00007f9c84dd30c0, 0x00007f9c84dd3758]
Event: 5.233 Thread 0x00007f9c940bb800  345       4       sun.nio.cs.UTF_8$Encoder::encode (359 bytes)
Event: 5.236 Thread 0x00007f9c940bb800 nmethod 345 0x00007f9c84dda3d0 code [0x00007f9c84dda540, 0x00007f9c84dda9d8]

GC Heap History (10 events):
Event: 2.414 GC heap before
{Heap before GC invocations=3 (full 0):
 PSYoungGen      total 56320K, used 49824K [0x0000000781e00000, 0x0000000788c00000, 0x00000007c0000000)
  eden space 48640K, 100% used [0x0000000781e00000,0x0000000784d80000,0x0000000784d80000)
  from space 7680K, 15% used [0x0000000785500000,0x0000000785628040,0x0000000785c80000)
  to   space 7680K, 0% used [0x0000000784d80000,0x0000000784d80000,0x0000000785500000)
 ParOldGen       total 128512K, used 80484K [0x0000000705a00000, 0x000000070d780000, 0x0000000781e00000)
  object space 128512K, 62% used [0x0000000705a00000,0x000000070a899390,0x000000070d780000)
 Metaspace       used 6871K, capacity 6934K, committed 7168K, reserved 1056768K
  class space    used 720K, capacity 754K, committed 768K, reserved 1048576K
Event: 2.420 GC heap after
Heap after GC invocations=3 (full 0):
 PSYoungGen      total 56320K, used 1120K [0x0000000781e00000, 0x0000000788c00000, 0x00000007c0000000)
  eden space 48640K, 0% used [0x0000000781e00000,0x0000000781e00000,0x0000000784d80000)
  from space 7680K, 14% used [0x0000000784d80000,0x0000000784e98040,0x0000000785500000)
  to   space 7680K, 0% used [0x0000000788480000,0x0000000788480000,0x0000000788c00000)
 ParOldGen       total 128512K, used 80484K [0x0000000705a00000, 0x000000070d780000, 0x0000000781e00000)
  object space 128512K, 62% used [0x0000000705a00000,0x000000070a899390,0x000000070d780000)
 Metaspace       used 6871K, capacity 6934K, committed 7168K, reserved 1056768K
  class space    used 720K, capacity 754K, committed 768K, reserved 1048576K
}
Event: 2.443 GC heap before
{Heap before GC invocations=4 (full 0):
 PSYoungGen      total 56320K, used 49760K [0x0000000781e00000, 0x0000000788c00000, 0x00000007c0000000)
  eden space 48640K, 100% used [0x0000000781e00000,0x0000000784d80000,0x0000000784d80000)
  from space 7680K, 14% used [0x0000000784d80000,0x0000000784e98040,0x0000000785500000)
  to   space 7680K, 0% used [0x0000000788480000,0x0000000788480000,0x0000000788c00000)
 ParOldGen       total 128512K, used 80484K [0x0000000705a00000, 0x000000070d780000, 0x0000000781e00000)
  object space 128512K, 62% used [0x0000000705a00000,0x000000070a899390,0x000000070d780000)
 Metaspace       used 6871K, capacity 6934K, committed 7168K, reserved 1056768K
  class space    used 720K, capacity 754K, committed 768K, reserved 1048576K
Event: 2.451 GC heap after
Heap after GC invocations=4 (full 0):
 PSYoungGen      total 104960K, used 1136K [0x0000000781e00000, 0x0000000788c00000, 0x00000007c0000000)
  eden space 97280K, 0% used [0x0000000781e00000,0x0000000781e00000,0x0000000787d00000)
  from space 7680K, 14% used [0x0000000788480000,0x000000078859c050,0x0000000788c00000)
  to   space 7680K, 0% used [0x0000000787d00000,0x0000000787d00000,0x0000000788480000)
 ParOldGen       total 128512K, used 80484K [0x0000000705a00000, 0x000000070d780000, 0x0000000781e00000)
  object space 128512K, 62% used [0x0000000705a00000,0x000000070a899390,0x000000070d780000)
 Metaspace       used 6871K, capacity 6934K, committed 7168K, reserved 1056768K
  class space    used 720K, capacity 754K, committed 768K, reserved 1048576K
}
Event: 2.713 GC heap before
{Heap before GC invocations=5 (full 0):
 PSYoungGen      total 104960K, used 98416K [0x0000000781e00000, 0x0000000788c00000, 0x00000007c0000000)
  eden space 97280K, 100% used [0x0000000781e00000,0x0000000787d00000,0x0000000787d00000)
  from space 7680K, 14% used [0x0000000788480000,0x000000078859c050,0x0000000788c00000)
  to   space 7680K, 0% used [0x0000000787d00000,0x0000000787d00000,0x0000000788480000)
 ParOldGen       total 233472K, used 184932K [0x0000000705a00000, 0x0000000713e00000, 0x0000000781e00000)
  object space 233472K, 79% used [0x0000000705a00000,0x0000000710e993a0,0x0000000713e00000)
 Metaspace       used 6871K, capacity 6934K, committed 7168K, reserved 1056768K
  class space    used 720K, capacity 754K, committed 768K, reserved 1048576K
Event: 2.716 GC heap after
Heap after GC invocations=5 (full 0):
 PSYoungGen      total 104960K, used 1184K [0x0000000781e00000, 0x000000078ef00000, 0x00000007c0000000)
  eden space 97280K, 0% used [0x0000000781e00000,0x0000000781e00000,0x0000000787d00000)
  from space 7680K, 15% used [0x0000000787d00000,0x0000000787e28040,0x0000000788480000)
  to   space 9728K, 0% used [0x000000078e580000,0x000000078e580000,0x000000078ef00000)
 ParOldGen       total 233472K, used 184940K [0x0000000705a00000, 0x0000000713e00000, 0x0000000781e00000)
  object space 233472K, 79% used [0x0000000705a00000,0x0000000710e9b3a0,0x0000000713e00000)
 Metaspace       used 6871K, capacity 6934K, committed 7168K, reserved 1056768K
  class space    used 720K, capacity 754K, committed 768K, reserved 1048576K
}
Event: 2.898 GC heap before
{Heap before GC invocations=6 (full 0):
 PSYoungGen      total 104960K, used 98464K [0x0000000781e00000, 0x000000078ef00000, 0x00000007c0000000)
  eden space 97280K, 100% used [0x0000000781e00000,0x0000000787d00000,0x0000000787d00000)
  from space 7680K, 15% used [0x0000000787d00000,0x0000000787e28040,0x0000000788480000)
  to   space 9728K, 0% used [0x000000078e580000,0x000000078e580000,0x000000078ef00000)
 ParOldGen       total 442880K, used 393836K [0x0000000705a00000, 0x0000000720a80000, 0x0000000781e00000)
  object space 442880K, 88% used [0x0000000705a00000,0x000000071da9b3b0,0x0000000720a80000)
 Metaspace       used 6871K, capacity 6934K, committed 7168K, reserved 1056768K
  class space    used 720K, capacity 754K, committed 768K, reserved 1048576K
Event: 2.902 GC heap after
Heap after GC invocations=6 (full 0):
 PSYoungGen      total 203264K, used 1168K [0x0000000781e00000, 0x000000078ee00000, 0x00000007c0000000)
  eden space 194560K, 0% used [0x0000000781e00000,0x0000000781e00000,0x000000078dc00000)
  from space 8704K, 13% used [0x000000078e580000,0x000000078e6a4030,0x000000078ee00000)
  to   space 9216K, 0% used [0x000000078dc00000,0x000000078dc00000,0x000000078e500000)
 ParOldGen       total 442880K, used 393844K [0x0000000705a00000, 0x0000000720a80000, 0x0000000781e00000)
  object space 442880K, 88% used [0x0000000705a00000,0x000000071da9d3b0,0x0000000720a80000)
 Metaspace       used 6871K, capacity 6934K, committed 7168K, reserved 1056768K
  class space    used 720K, capacity 754K, committed 768K, reserved 1048576K
}
Event: 3.799 GC heap before
{Heap before GC invocations=7 (full 0):
 PSYoungGen      total 203264K, used 195728K [0x0000000781e00000, 0x000000078ee00000, 0x00000007c0000000)
  eden space 194560K, 100% used [0x0000000781e00000,0x000000078dc00000,0x000000078dc00000)
  from space 8704K, 13% used [0x000000078e580000,0x000000078e6a4030,0x000000078ee00000)
  to   space 9216K, 0% used [0x000000078dc00000,0x000000078dc00000,0x000000078e500000)
 ParOldGen       total 861184K, used 811636K [0x0000000705a00000, 0x000000073a300000, 0x0000000781e00000)
  object space 861184K, 94% used [0x0000000705a00000,0x000000073729d3c0,0x000000073a300000)
 Metaspace       used 6871K, capacity 6934K, committed 7168K, reserved 1056768K
  class space    used 720K, capacity 754K, committed 768K, reserved 1048576K
Event: 3.806 GC heap after
Heap after GC invocations=7 (full 0):
 PSYoungGen      total 203776K, used 96K [0x0000000781e00000, 0x000000079ab00000, 0x00000007c0000000)
  eden space 194560K, 0% used [0x0000000781e00000,0x0000000781e00000,0x000000078dc00000)
  from space 9216K, 1% used [0x000000078dc00000,0x000000078dc18000,0x000000078e500000)
  to   space 8704K, 0% used [0x000000079a280000,0x000000079a280000,0x000000079ab00000)
 ParOldGen       total 861184K, used 812729K [0x0000000705a00000, 0x000000073a300000, 0x0000000781e00000)
  object space 861184K, 94% used [0x0000000705a00000,0x00000007373ae460,0x000000073a300000)
 Metaspace       used 6871K, capacity 6934K, committed 7168K, reserved 1056768K
  class space    used 720K, capacity 754K, committed 768K, reserved 1048576K
}

Deoptimization events (5 events):
Event: 2.303 Thread 0x00007f9c9413f800 Uncommon trap: reason=unstable_if action=reinterpret pc=0x00007f9c84db3f34 method=java.lang.Integer.getChars(II[C)V @ 20
Event: 2.303 Thread 0x00007f9c9413f800 Uncommon trap: reason=unstable_if action=reinterpret pc=0x00007f9c84db1f80 method=java.lang.Integer.getChars(II[C)V @ 20
Event: 2.692 Thread 0x00007f9c9413f800 Uncommon trap: reason=unstable_if action=reinterpret pc=0x00007f9c84db4c1c method=java.lang.Integer.getChars(II[C)V @ 20
Event: 3.833 Thread 0x00007f9c9413f800 Uncommon trap: reason=unstable_if action=reinterpret pc=0x00007f9c84de12ec method=Test1.testLoadFile(I)V @ 120
Event: 5.183 Thread 0x00007f9c9413f800 Uncommon trap: reason=unstable_if action=reinterpret pc=0x00007f9c84d27864 method=sun.nio.cs.UTF_8$Encoder.encode([CII[B)I @ 33

Internal exceptions (6 events):
Event: 0.020 Thread 0x00007f9c9400a800 Exception <a 'java/lang/NoSuchMethodError': Method sun.misc.Unsafe.defineClass(Ljava/lang/String;[BII)Ljava/lang/Class; name or signature does not match> (0x0000000781e07ca8) thrown at [/HUDSON/workspace/8-2-build-linux-amd64/jdk8u151/9699/hotspot/src/sha
Event: 0.020 Thread 0x00007f9c9400a800 Exception <a 'java/lang/NoSuchMethodError': Method sun.misc.Unsafe.prefetchRead(Ljava/lang/Object;J)V name or signature does not match> (0x0000000781e07f90) thrown at [/HUDSON/workspace/8-2-build-linux-amd64/jdk8u151/9699/hotspot/src/share/vm/prims/jni.cp
Event: 0.107 Thread 0x00007f9c9413f800 Exception <a 'java/security/PrivilegedActionException'> (0x000000078210f680) thrown at [/HUDSON/workspace/8-2-build-linux-amd64/jdk8u151/9699/hotspot/src/share/vm/prims/jvm.cpp, line 1390]
Event: 0.107 Thread 0x00007f9c9413f800 Exception <a 'java/security/PrivilegedActionException'> (0x000000078210f890) thrown at [/HUDSON/workspace/8-2-build-linux-amd64/jdk8u151/9699/hotspot/src/share/vm/prims/jvm.cpp, line 1390]
Event: 0.107 Thread 0x00007f9c9413f800 Exception <a 'java/security/PrivilegedActionException'> (0x0000000782111fa0) thrown at [/HUDSON/workspace/8-2-build-linux-amd64/jdk8u151/9699/hotspot/src/share/vm/prims/jvm.cpp, line 1390]
Event: 0.107 Thread 0x00007f9c9413f800 Exception <a 'java/security/PrivilegedActionException'> (0x00000007821121b0) thrown at [/HUDSON/workspace/8-2-build-linux-amd64/jdk8u151/9699/hotspot/src/share/vm/prims/jvm.cpp, line 1390]

Events (10 events):
Event: 3.799 Executing VM operation: ParallelGCFailedAllocation
Event: 3.806 Executing VM operation: ParallelGCFailedAllocation done
Event: 3.833 Thread 0x00007f9c9413f800 Uncommon trap: trap_request=0xffffff65 fr.pc=0x00007f9c84de12ec
Event: 3.833 Thread 0x00007f9c9413f800 DEOPT PACKING pc=0x00007f9c84de12ec sp=0x00007f9c804bf570
Event: 3.833 Thread 0x00007f9c9413f800 DEOPT UNPACKING pc=0x00007f9c84bd7229 sp=0x00007f9c804bf550 mode 2
Event: 4.054 Executing VM operation: EnableBiasedLocking
Event: 4.306 Executing VM operation: EnableBiasedLocking done
Event: 5.178 Thread 0x00007f9c9413f800 Uncommon trap: trap_request=0xffffff65 fr.pc=0x00007f9c84d27864
Event: 5.186 Thread 0x00007f9c9413f800 DEOPT PACKING pc=0x00007f9c84d27864 sp=0x00007f9c804bf300
Event: 5.193 Thread 0x00007f9c9413f800 DEOPT UNPACKING pc=0x00007f9c84bd7229 sp=0x00007f9c804bf2b8 mode 2


Dynamic libraries:
00400000-00401000 r-xp 00000000 08:05 923780                             /export/servers/jdk1.8.0_151/bin/java
00600000-00601000 rw-p 00000000 08:05 923780                             /export/servers/jdk1.8.0_151/bin/java
02111000-02132000 rw-p 00000000 00:00 0                                  [heap]
705a00000-76de00000 rw-p 00000000 00:00 0 
781e00000-79ab00000 rw-p 00000000 00:00 0 
79ab00000-7c0000000 ---p 00000000 00:00 0 
7c0000000-7c00c0000 rw-p 00000000 00:00 0 
7c00c0000-800000000 ---p 00000000 00:00 0 
7f9c30000000-7f9c30021000 rw-p 00000000 00:00 0 
7f9c30021000-7f9c34000000 ---p 00000000 00:00 0 
7f9c38000000-7f9c38021000 rw-p 00000000 00:00 0 
7f9c38021000-7f9c3c000000 ---p 00000000 00:00 0 
7f9c3c000000-7f9c3c4f4000 rw-p 00000000 00:00 0 
7f9c3c4f4000-7f9c40000000 ---p 00000000 00:00 0 
7f9c40000000-7f9c40021000 rw-p 00000000 00:00 0 
7f9c40021000-7f9c44000000 ---p 00000000 00:00 0 
7f9c44000000-7f9c44021000 rw-p 00000000 00:00 0 
7f9c44021000-7f9c48000000 ---p 00000000 00:00 0 
7f9c48000000-7f9c486b3000 rw-p 00000000 00:00 0 
7f9c486b3000-7f9c4c000000 ---p 00000000 00:00 0 
7f9c4c000000-7f9c4c0fe000 rw-p 00000000 00:00 0 
7f9c4c0fe000-7f9c50000000 ---p 00000000 00:00 0 
7f9c50000000-7f9c50021000 rw-p 00000000 00:00 0 
7f9c50021000-7f9c54000000 ---p 00000000 00:00 0 
7f9c54000000-7f9c54021000 rw-p 00000000 00:00 0 
7f9c54021000-7f9c58000000 ---p 00000000 00:00 0 
7f9c58000000-7f9c58021000 rw-p 00000000 00:00 0 
7f9c58021000-7f9c5c000000 ---p 00000000 00:00 0 
7f9c5e2d0000-7f9c64000000 rw-p 00000000 00:00 0 
7f9c64000000-7f9c64021000 rw-p 00000000 00:00 0 
7f9c64021000-7f9c68000000 ---p 00000000 00:00 0 
7f9c68000000-7f9c68021000 rw-p 00000000 00:00 0 
7f9c68021000-7f9c6c000000 ---p 00000000 00:00 0 
7f9c6c000000-7f9c6c021000 rw-p 00000000 00:00 0 
7f9c6c021000-7f9c70000000 ---p 00000000 00:00 0 
7f9c74000000-7f9c74021000 rw-p 00000000 00:00 0 
7f9c74021000-7f9c78000000 ---p 00000000 00:00 0 
7f9c78000000-7f9c782eb000 rw-p 00000000 00:00 0 
7f9c782eb000-7f9c7c000000 ---p 00000000 00:00 0 
7f9c7c000000-7f9c7c021000 rw-p 00000000 00:00 0 
7f9c7c021000-7f9c80000000 ---p 00000000 00:00 0 
7f9c80267000-7f9c8026e000 r--s 00000000 08:01 1206                       /usr/lib/x86_64-linux-gnu/gconv/gconv-modules.cache
7f9c8026e000-7f9c8028f000 r--p 00000000 08:01 398224                     /usr/share/locale-langpack/zh_CN/LC_MESSAGES/libc.mo
7f9c8028f000-7f9c80294000 r--s 0009a000 08:05 925437                     /export/servers/jdk1.8.0_151/jre/lib/jsse.jar
7f9c80294000-7f9c8029e000 r--s 00116000 08:05 925447                     /export/servers/jdk1.8.0_151/jre/lib/ext/localedata.jar
7f9c8029e000-7f9c802ba000 r--s 00393000 08:05 925440                     /export/servers/jdk1.8.0_151/jre/lib/ext/cldrdata.jar
7f9c802ba000-7f9c802bf000 r--s 002f9000 08:05 925386                     /export/servers/jdk1.8.0_151/jre/lib/charsets.jar
7f9c802bf000-7f9c802c2000 ---p 00000000 00:00 0 
7f9c802c2000-7f9c803c0000 rw-p 00000000 00:00 0 
7f9c803c0000-7f9c803c3000 ---p 00000000 00:00 0 
7f9c803c3000-7f9c807c2000 rw-p 00000000 00:00 0 
7f9c807c2000-7f9c807d9000 r-xp 00000000 08:05 925557                     /export/servers/jdk1.8.0_151/jre/lib/amd64/libnet.so
7f9c807d9000-7f9c809d8000 ---p 00017000 08:05 925557                     /export/servers/jdk1.8.0_151/jre/lib/amd64/libnet.so
7f9c809d8000-7f9c809d9000 rw-p 00016000 08:05 925557                     /export/servers/jdk1.8.0_151/jre/lib/amd64/libnet.so
7f9c809d9000-7f9c809dc000 ---p 00000000 00:00 0 
7f9c809dc000-7f9c80ada000 rw-p 00000000 00:00 0 
7f9c80ada000-7f9c80adb000 r-xp 00000000 08:05 394144                     /export/app/idea-IC-145.1617.8/bin/libbreakgen64.so
7f9c80adb000-7f9c80cda000 ---p 00001000 08:05 394144                     /export/app/idea-IC-145.1617.8/bin/libbreakgen64.so
7f9c80cda000-7f9c80cdb000 r--p 00000000 08:05 394144                     /export/app/idea-IC-145.1617.8/bin/libbreakgen64.so
7f9c80cdb000-7f9c80cdc000 rw-p 00001000 08:05 394144                     /export/app/idea-IC-145.1617.8/bin/libbreakgen64.so
7f9c80cdc000-7f9c80ce5000 r--s 000e9000 08:05 524331                     /export/gum-test/lib/mysql-connector-java-5.1.40-bin.jar
7f9c80ce5000-7f9c80cf8000 r--s 00345000 08:05 925423                     /export/servers/jdk1.8.0_151/jre/lib/resources.jar
7f9c80cf8000-7f9c80d0b000 r--s 000d6000 08:05 925360                     /export/servers/jdk1.8.0_151/jre/lib/plugin.jar
7f9c80d0b000-7f9c80d10000 r--s 0009a000 08:05 925437                     /export/servers/jdk1.8.0_151/jre/lib/jsse.jar
7f9c80d10000-7f9c80d15000 r--s 00084000 08:05 925337                     /export/servers/jdk1.8.0_151/jre/lib/jfr.jar
7f9c80d15000-7f9c80d16000 ---p 00000000 00:00 0 
7f9c80d16000-7f9c80e16000 rw-p 00000000 00:00 0 
7f9c80e16000-7f9c80e19000 ---p 00000000 00:00 0 
7f9c80e19000-7f9c80f17000 rw-p 00000000 00:00 0 
7f9c80f17000-7f9c80f1a000 ---p 00000000 00:00 0 
7f9c80f1a000-7f9c81018000 rw-p 00000000 00:00 0 
7f9c81018000-7f9c8101b000 ---p 00000000 00:00 0 
7f9c8101b000-7f9c81119000 rw-p 00000000 00:00 0 
7f9c81119000-7f9c8111c000 ---p 00000000 00:00 0 
7f9c8111c000-7f9c8121a000 rw-p 00000000 00:00 0 
7f9c8121a000-7f9c8121d000 ---p 00000000 00:00 0 
7f9c8121d000-7f9c8131b000 rw-p 00000000 00:00 0 
7f9c8131b000-7f9c817a6000 r--p 00000000 08:01 5506532                    /usr/lib/locale/locale-archive
7f9c817a6000-7f9c817a9000 ---p 00000000 00:00 0 
7f9c817a9000-7f9c818a7000 rw-p 00000000 00:00 0 
7f9c818a7000-7f9c818aa000 ---p 00000000 00:00 0 
7f9c818aa000-7f9c819a8000 rw-p 00000000 00:00 0 
7f9c819a8000-7f9c819a9000 ---p 00000000 00:00 0 
7f9c819a9000-7f9c82aac000 rw-p 00000000 00:00 0 
7f9c82aac000-7f9c82c85000 r--s 03d5a000 08:05 925388                     /export/servers/jdk1.8.0_151/jre/lib/rt.jar
7f9c82c85000-7f9c832c5000 rw-p 00000000 00:00 0 
7f9c832c5000-7f9c83485000 ---p 00000000 00:00 0 
7f9c83485000-7f9c83a58000 rw-p 00000000 00:00 0 
7f9c83a58000-7f9c83a59000 ---p 00000000 00:00 0 
7f9c83a59000-7f9c83b59000 rw-p 00000000 00:00 0 
7f9c83b59000-7f9c83b5a000 ---p 00000000 00:00 0 
7f9c83b5a000-7f9c83c5a000 rw-p 00000000 00:00 0 
7f9c83c5a000-7f9c83c5b000 ---p 00000000 00:00 0 
7f9c83c5b000-7f9c83d5b000 rw-p 00000000 00:00 0 
7f9c83d5b000-7f9c83d5c000 ---p 00000000 00:00 0 
7f9c83d5c000-7f9c8419e000 rw-p 00000000 00:00 0 
7f9c8419e000-7f9c8423e000 ---p 00000000 00:00 0 
7f9c8423e000-7f9c84580000 rw-p 00000000 00:00 0 
7f9c84580000-7f9c84620000 ---p 00000000 00:00 0 
7f9c84620000-7f9c846e7000 rw-p 00000000 00:00 0 
7f9c846e7000-7f9c84811000 ---p 00000000 00:00 0 
7f9c84811000-7f9c8481c000 rw-p 00000000 00:00 0 
7f9c8481c000-7f9c84bd2000 ---p 00000000 00:00 0 
7f9c84bd2000-7f9c84e42000 rwxp 00000000 00:00 0 
7f9c84e42000-7f9c93bd2000 ---p 00000000 00:00 0 
7f9c93bd2000-7f9c93bed000 r-xp 00000000 08:05 925553                     /export/servers/jdk1.8.0_151/jre/lib/amd64/libzip.so
7f9c93bed000-7f9c93ded000 ---p 0001b000 08:05 925553                     /export/servers/jdk1.8.0_151/jre/lib/amd64/libzip.so
7f9c93ded000-7f9c93dee000 rw-p 0001b000 08:05 925553                     /export/servers/jdk1.8.0_151/jre/lib/amd64/libzip.so
7f9c93dee000-7f9c93df9000 r-xp 00000000 08:01 3276894                    /lib/x86_64-linux-gnu/libnss_files-2.23.so
7f9c93df9000-7f9c93ff8000 ---p 0000b000 08:01 3276894                    /lib/x86_64-linux-gnu/libnss_files-2.23.so
7f9c93ff8000-7f9c93ff9000 r--p 0000a000 08:01 3276894                    /lib/x86_64-linux-gnu/libnss_files-2.23.so
7f9c93ff9000-7f9c93ffa000 rw-p 0000b000 08:01 3276894                    /lib/x86_64-linux-gnu/libnss_files-2.23.so
7f9c93ffa000-7f9c94000000 rw-p 00000000 00:00 0 
7f9c94000000-7f9c94148000 rw-p 00000000 00:00 0 
7f9c94148000-7f9c98000000 ---p 00000000 00:00 0 
7f9c98000000-7f9c98002000 r--s 0001e000 08:05 393923                     /export/app/idea-IC-145.1617.8/lib/idea_rt.jar
7f9c98002000-7f9c98078000 rw-p 00000000 00:00 0 
7f9c98078000-7f9c98083000 r-xp 00000000 08:01 3276887                    /lib/x86_64-linux-gnu/libnss_nis-2.23.so
7f9c98083000-7f9c98282000 ---p 0000b000 08:01 3276887                    /lib/x86_64-linux-gnu/libnss_nis-2.23.so
7f9c98282000-7f9c98283000 r--p 0000a000 08:01 3276887                    /lib/x86_64-linux-gnu/libnss_nis-2.23.so
7f9c98283000-7f9c98284000 rw-p 0000b000 08:01 3276887                    /lib/x86_64-linux-gnu/libnss_nis-2.23.so
7f9c98284000-7f9c9829a000 r-xp 00000000 08:01 3276889                    /lib/x86_64-linux-gnu/libnsl-2.23.so
7f9c9829a000-7f9c98499000 ---p 00016000 08:01 3276889                    /lib/x86_64-linux-gnu/libnsl-2.23.so
7f9c98499000-7f9c9849a000 r--p 00015000 08:01 3276889                    /lib/x86_64-linux-gnu/libnsl-2.23.so
7f9c9849a000-7f9c9849b000 rw-p 00016000 08:01 3276889                    /lib/x86_64-linux-gnu/libnsl-2.23.so
7f9c9849b000-7f9c9849d000 rw-p 00000000 00:00 0 
7f9c9849d000-7f9c984a5000 r-xp 00000000 08:01 3276896                    /lib/x86_64-linux-gnu/libnss_compat-2.23.so
7f9c984a5000-7f9c986a4000 ---p 00008000 08:01 3276896                    /lib/x86_64-linux-gnu/libnss_compat-2.23.so
7f9c986a4000-7f9c986a5000 r--p 00007000 08:01 3276896                    /lib/x86_64-linux-gnu/libnss_compat-2.23.so
7f9c986a5000-7f9c986a6000 rw-p 00008000 08:01 3276896                    /lib/x86_64-linux-gnu/libnss_compat-2.23.so
7f9c986a6000-7f9c986d1000 r-xp 00000000 08:05 925547                     /export/servers/jdk1.8.0_151/jre/lib/amd64/libjava.so
7f9c986d1000-7f9c988d0000 ---p 0002b000 08:05 925547                     /export/servers/jdk1.8.0_151/jre/lib/amd64/libjava.so
7f9c988d0000-7f9c988d2000 rw-p 0002a000 08:05 925547                     /export/servers/jdk1.8.0_151/jre/lib/amd64/libjava.so
7f9c988d2000-7f9c988df000 r-xp 00000000 08:05 925552                     /export/servers/jdk1.8.0_151/jre/lib/amd64/libverify.so
7f9c988df000-7f9c98adf000 ---p 0000d000 08:05 925552                     /export/servers/jdk1.8.0_151/jre/lib/amd64/libverify.so
7f9c98adf000-7f9c98ae1000 rw-p 0000d000 08:05 925552                     /export/servers/jdk1.8.0_151/jre/lib/amd64/libverify.so
7f9c98ae1000-7f9c98ae8000 r-xp 00000000 08:01 3276897                    /lib/x86_64-linux-gnu/librt-2.23.so
7f9c98ae8000-7f9c98ce7000 ---p 00007000 08:01 3276897                    /lib/x86_64-linux-gnu/librt-2.23.so
7f9c98ce7000-7f9c98ce8000 r--p 00006000 08:01 3276897                    /lib/x86_64-linux-gnu/librt-2.23.so
7f9c98ce8000-7f9c98ce9000 rw-p 00007000 08:01 3276897                    /lib/x86_64-linux-gnu/librt-2.23.so
7f9c98ce9000-7f9c98df1000 r-xp 00000000 08:01 3276888                    /lib/x86_64-linux-gnu/libm-2.23.so
7f9c98df1000-7f9c98ff0000 ---p 00108000 08:01 3276888                    /lib/x86_64-linux-gnu/libm-2.23.so
7f9c98ff0000-7f9c98ff1000 r--p 00107000 08:01 3276888                    /lib/x86_64-linux-gnu/libm-2.23.so
7f9c98ff1000-7f9c98ff2000 rw-p 00108000 08:01 3276888                    /lib/x86_64-linux-gnu/libm-2.23.so
7f9c98ff2000-7f9c99cc5000 r-xp 00000000 08:05 925530                     /export/servers/jdk1.8.0_151/jre/lib/amd64/server/libjvm.so
7f9c99cc5000-7f9c99ec4000 ---p 00cd3000 08:05 925530                     /export/servers/jdk1.8.0_151/jre/lib/amd64/server/libjvm.so
7f9c99ec4000-7f9c99f9e000 rw-p 00cd2000 08:05 925530                     /export/servers/jdk1.8.0_151/jre/lib/amd64/server/libjvm.so
7f9c99f9e000-7f9c99fe9000 rw-p 00000000 00:00 0 
7f9c99fe9000-7f9c9a1a8000 r-xp 00000000 08:01 3276890                    /lib/x86_64-linux-gnu/libc-2.23.so
7f9c9a1a8000-7f9c9a3a8000 ---p 001bf000 08:01 3276890                    /lib/x86_64-linux-gnu/libc-2.23.so
7f9c9a3a8000-7f9c9a3ac000 r--p 001bf000 08:01 3276890                    /lib/x86_64-linux-gnu/libc-2.23.so
7f9c9a3ac000-7f9c9a3ae000 rw-p 001c3000 08:01 3276890                    /lib/x86_64-linux-gnu/libc-2.23.so
7f9c9a3ae000-7f9c9a3b2000 rw-p 00000000 00:00 0 
7f9c9a3b2000-7f9c9a3b5000 r-xp 00000000 08:01 3276886                    /lib/x86_64-linux-gnu/libdl-2.23.so
7f9c9a3b5000-7f9c9a5b4000 ---p 00003000 08:01 3276886                    /lib/x86_64-linux-gnu/libdl-2.23.so
7f9c9a5b4000-7f9c9a5b5000 r--p 00002000 08:01 3276886                    /lib/x86_64-linux-gnu/libdl-2.23.so
7f9c9a5b5000-7f9c9a5b6000 rw-p 00003000 08:01 3276886                    /lib/x86_64-linux-gnu/libdl-2.23.so
7f9c9a5b6000-7f9c9a5cc000 r-xp 00000000 08:05 925248                     /export/servers/jdk1.8.0_151/lib/amd64/jli/libjli.so
7f9c9a5cc000-7f9c9a7cb000 ---p 00016000 08:05 925248                     /export/servers/jdk1.8.0_151/lib/amd64/jli/libjli.so
7f9c9a7cb000-7f9c9a7cc000 rw-p 00015000 08:05 925248                     /export/servers/jdk1.8.0_151/lib/amd64/jli/libjli.so
7f9c9a7cc000-7f9c9a7e4000 r-xp 00000000 08:01 3281554                    /lib/x86_64-linux-gnu/libpthread-2.23.so
7f9c9a7e4000-7f9c9a9e3000 ---p 00018000 08:01 3281554                    /lib/x86_64-linux-gnu/libpthread-2.23.so
7f9c9a9e3000-7f9c9a9e4000 r--p 00017000 08:01 3281554                    /lib/x86_64-linux-gnu/libpthread-2.23.so
7f9c9a9e4000-7f9c9a9e5000 rw-p 00018000 08:01 3281554                    /lib/x86_64-linux-gnu/libpthread-2.23.so
7f9c9a9e5000-7f9c9a9e9000 rw-p 00000000 00:00 0 
7f9c9a9e9000-7f9c9aa0f000 r-xp 00000000 08:01 3276891                    /lib/x86_64-linux-gnu/ld-2.23.so
7f9c9aa0f000-7f9c9aa10000 r--s 00000000 08:05 925344                     /export/servers/jdk1.8.0_151/jre/lib/management-agent.jar
7f9c9aa10000-7f9c9aa13000 r--s 0001a000 08:05 925573                     /export/servers/jdk1.8.0_151/jre/lib/jce.jar
7f9c9aa13000-7f9c9aa2e000 r--s 0020b000 08:05 925338                     /export/servers/jdk1.8.0_151/jre/lib/deploy.jar
7f9c9aa2e000-7f9c9aaec000 rw-p 00000000 00:00 0 
7f9c9aaec000-7f9c9aaef000 ---p 00000000 00:00 0 
7f9c9aaef000-7f9c9abf1000 rw-p 00000000 00:00 0 
7f9c9abf1000-7f9c9abf3000 r--s 00007000 08:05 925575                     /export/servers/jdk1.8.0_151/jre/lib/jfxswt.jar
7f9c9abf3000-7f9c9abfd000 r--s 0006c000 08:05 925347                     /export/servers/jdk1.8.0_151/jre/lib/javaws.jar
7f9c9abfd000-7f9c9ac02000 r--s 002f9000 08:05 925386                     /export/servers/jdk1.8.0_151/jre/lib/charsets.jar
7f9c9ac02000-7f9c9ac0a000 rw-s 00000000 08:01 531389                     /tmp/hsperfdata_sheng/32433
7f9c9ac0a000-7f9c9ac0b000 rw-p 00000000 00:00 0 
7f9c9ac0b000-7f9c9ac0c000 r--p 00000000 00:00 0 
7f9c9ac0c000-7f9c9ac0e000 rw-p 00000000 00:00 0 
7f9c9ac0e000-7f9c9ac0f000 r--p 00025000 08:01 3276891                    /lib/x86_64-linux-gnu/ld-2.23.so
7f9c9ac0f000-7f9c9ac10000 rw-p 00026000 08:01 3276891                    /lib/x86_64-linux-gnu/ld-2.23.so
7f9c9ac10000-7f9c9ac11000 rw-p 00000000 00:00 0 
7ffe3152a000-7ffe3154b000 rw-p 00000000 00:00 0                          [stack]
7ffe315c3000-7ffe315c5000 r--p 00000000 00:00 0                          [vvar]
7ffe315c5000-7ffe315c7000 r-xp 00000000 00:00 0                          [vdso]
ffffffffff600000-ffffffffff601000 r-xp 00000000 00:00 0                  [vsyscall]

VM Arguments:
jvm_args: -Didea.launcher.port=7532 -Didea.launcher.bin.path=/export/app/idea-IC-145.1617.8/bin -Dfile.encoding=UTF-8 
java_command: com.intellij.rt.execution.application.AppMain Test1
java_class_path (initial): /export/servers/jdk1.8.0_151/jre/lib/charsets.jar:/export/servers/jdk1.8.0_151/jre/lib/deploy.jar:/export/servers/jdk1.8.0_151/jre/lib/ext/cldrdata.jar:/export/servers/jdk1.8.0_151/jre/lib/ext/dnsns.jar:/export/servers/jdk1.8.0_151/jre/lib/ext/jaccess.jar:/export/servers/jdk1.8.0_151/jre/lib/ext/jfxrt.jar:/export/servers/jdk1.8.0_151/jre/lib/ext/localedata.jar:/export/servers/jdk1.8.0_151/jre/lib/ext/nashorn.jar:/export/servers/jdk1.8.0_151/jre/lib/ext/sunec.jar:/export/servers/jdk1.8.0_151/jre/lib/ext/sunjce_provider.jar:/export/servers/jdk1.8.0_151/jre/lib/ext/sunpkcs11.jar:/export/servers/jdk1.8.0_151/jre/lib/ext/zipfs.jar:/export/servers/jdk1.8.0_151/jre/lib/javaws.jar:/export/servers/jdk1.8.0_151/jre/lib/jce.jar:/export/servers/jdk1.8.0_151/jre/lib/jfr.jar:/export/servers/jdk1.8.0_151/jre/lib/jfxswt.jar:/export/servers/jdk1.8.0_151/jre/lib/jsse.jar:/export/servers/jdk1.8.0_151/jre/lib/management-agent.jar:/export/servers/jdk1.8.0_151/jre/lib/plugin.jar:/export/servers/jdk1.8.0_151/jre/lib/resources.jar:/export/servers/jdk1.8.0_151/jre/lib/rt.jar:/export/gum-test/out/production/gum-test:/export/gum-test/lib/mysql-connector-java-5.1.40-bin.jar:/export/app/idea-IC-145.1617.8/lib/idea_rt.jar
Launcher Type: SUN_STANDARD

Environment Variables:
PATH=/home/sheng/bin:/home/sheng/.local/bin:/usr/local/sbin:/usr/local/bin:/usr/sbin:/usr/bin:/sbin:/bin:/usr/games:/usr/local/games:/snap/bin
LD_LIBRARY_PATH=/export/app/idea-IC-145.1617.8/bin:
SHELL=/bin/bash
DISPLAY=:0

Signal Handlers:
SIGSEGV: [libjvm.so+0xacbe10], sa_mask[0]=11111111011111111101111111111110, sa_flags=SA_RESTART|SA_SIGINFO
SIGBUS: [libjvm.so+0xacbe10], sa_mask[0]=11111111011111111101111111111110, sa_flags=SA_RESTART|SA_SIGINFO
SIGFPE: [libjvm.so+0x924f90], sa_mask[0]=11111111011111111101111111111110, sa_flags=SA_RESTART|SA_SIGINFO
SIGPIPE: [libjvm.so+0x924f90], sa_mask[0]=11111111011111111101111111111110, sa_flags=SA_RESTART|SA_SIGINFO
SIGXFSZ: [libjvm.so+0x924f90], sa_mask[0]=11111111011111111101111111111110, sa_flags=SA_RESTART|SA_SIGINFO
SIGILL: [libjvm.so+0x924f90], sa_mask[0]=11111111011111111101111111111110, sa_flags=SA_RESTART|SA_SIGINFO
SIGUSR1: SIG_DFL, sa_mask[0]=00000000000000000000000000000000, sa_flags=none
SIGUSR2: [libjvm.so+0x9267d0], sa_mask[0]=00100000000000000000000000000000, sa_flags=SA_RESTART|SA_SIGINFO
SIGHUP: [libjvm.so+0x927bd0], sa_mask[0]=11111111011111111101111111111110, sa_flags=SA_RESTART|SA_SIGINFO
SIGINT: [libjvm.so+0x927bd0], sa_mask[0]=11111111011111111101111111111110, sa_flags=SA_RESTART|SA_SIGINFO
SIGTERM: [libjvm.so+0x927bd0], sa_mask[0]=11111111011111111101111111111110, sa_flags=SA_RESTART|SA_SIGINFO
SIGQUIT: [libjvm.so+0x927bd0], sa_mask[0]=11111111011111111101111111111110, sa_flags=SA_RESTART|SA_SIGINFO


---------------  S Y S T E M  ---------------

OS:DISTRIB_ID=Ubuntu
DISTRIB_RELEASE=16.04
DISTRIB_CODENAME=xenial
DISTRIB_DESCRIPTION="Ubuntu 16.04.1 LTS"

uname:Linux 4.4.0-71-generic #92-Ubuntu SMP Fri Mar 24 12:59:01 UTC 2017 x86_64
libc:glibc 2.23 NPTL 2.23 
rlimit: STACK 8192k, CORE 0k, NPROC 47496, NOFILE 65536, AS infinity
load average:0.98 0.55 0.49

/proc/meminfo:
MemTotal:       12207624 kB
MemFree:          137172 kB
MemAvailable:      63880 kB
Buffers:             828 kB
Cached:           973472 kB
SwapCached:        88896 kB
Active:         10180820 kB
Inactive:        1509048 kB
Active(anon):   10164368 kB
Inactive(anon):  1480196 kB
Active(file):      16452 kB
Inactive(file):    28852 kB
Unevictable:         372 kB
Mlocked:             372 kB
SwapTotal:       3905532 kB
SwapFree:              0 kB
Dirty:                32 kB
Writeback:             0 kB
AnonPages:      10630760 kB
Mapped:           625196 kB
Shmem:            928404 kB
Slab:             170640 kB
SReclaimable:     110320 kB
SUnreclaim:        60320 kB
KernelStack:       31760 kB
PageTables:       104224 kB
NFS_Unstable:          0 kB
Bounce:                0 kB
WritebackTmp:          0 kB
CommitLimit:    10009344 kB
Committed_AS:   31324376 kB
VmallocTotal:   34359738367 kB
VmallocUsed:           0 kB
VmallocChunk:          0 kB
HardwareCorrupted:     0 kB
AnonHugePages:   3940352 kB
CmaTotal:              0 kB
CmaFree:               0 kB
HugePages_Total:       0
HugePages_Free:        0
HugePages_Rsvd:        0
HugePages_Surp:        0
Hugepagesize:       2048 kB
DirectMap4k:      280604 kB
DirectMap2M:    12206080 kB
DirectMap1G:     1048576 kB


CPU:total 4 (initial active 4) (4 cores per cpu, 1 threads per core) family 6 model 60 stepping 3, cmov, cx8, fxsr, mmx, sse, sse2, sse3, ssse3, sse4.1, sse4.2, popcnt, avx, avx2, aes, clmul, erms, lzcnt, tsc, tscinvbit, bmi1, bmi2

/proc/cpuinfo:
processor	: 0
vendor_id	: GenuineIntel
cpu family	: 6
model		: 60
model name	: Intel(R) Core(TM) i5-4590 CPU @ 3.30GHz
stepping	: 3
microcode	: 0x1c
cpu MHz		: 3545.308
cache size	: 6144 KB
physical id	: 0
siblings	: 4
core id		: 0
cpu cores	: 4
apicid		: 0
initial apicid	: 0
fpu		: yes
fpu_exception	: yes
cpuid level	: 13
wp		: yes
flags		: fpu vme de pse tsc msr pae mce cx8 apic sep mtrr pge mca cmov pat pse36 clflush dts acpi mmx fxsr sse sse2 ss ht tm pbe syscall nx pdpe1gb rdtscp lm constant_tsc arch_perfmon pebs bts rep_good nopl xtopology nonstop_tsc aperfmperf eagerfpu pni pclmulqdq dtes64 monitor ds_cpl vmx smx est tm2 ssse3 sdbg fma cx16 xtpr pdcm pcid sse4_1 sse4_2 x2apic movbe popcnt tsc_deadline_timer aes xsave avx f16c rdrand lahf_lm abm epb tpr_shadow vnmi flexpriority ept vpid fsgsbase tsc_adjust bmi1 avx2 smep bmi2 erms invpcid xsaveopt dtherm ida arat pln pts
bugs		:
bogomips	: 6584.91
clflush size	: 64
cache_alignment	: 64
address sizes	: 39 bits physical, 48 bits virtual
power management:

processor	: 1
vendor_id	: GenuineIntel
cpu family	: 6
model		: 60
model name	: Intel(R) Core(TM) i5-4590 CPU @ 3.30GHz
stepping	: 3
microcode	: 0x1c
cpu MHz		: 3265.710
cache size	: 6144 KB
physical id	: 0
siblings	: 4
core id		: 1
cpu cores	: 4
apicid		: 2
initial apicid	: 2
fpu		: yes
fpu_exception	: yes
cpuid level	: 13
wp		: yes
flags		: fpu vme de pse tsc msr pae mce cx8 apic sep mtrr pge mca cmov pat pse36 clflush dts acpi mmx fxsr sse sse2 ss ht tm pbe syscall nx pdpe1gb rdtscp lm constant_tsc arch_perfmon pebs bts rep_good nopl xtopology nonstop_tsc aperfmperf eagerfpu pni pclmulqdq dtes64 monitor ds_cpl vmx smx est tm2 ssse3 sdbg fma cx16 xtpr pdcm pcid sse4_1 sse4_2 x2apic movbe popcnt tsc_deadline_timer aes xsave avx f16c rdrand lahf_lm abm epb tpr_shadow vnmi flexpriority ept vpid fsgsbase tsc_adjust bmi1 avx2 smep bmi2 erms invpcid xsaveopt dtherm ida arat pln pts
bugs		:
bogomips	: 6584.91
clflush size	: 64
cache_alignment	: 64
address sizes	: 39 bits physical, 48 bits virtual
power management:

processor	: 2
vendor_id	: GenuineIntel
cpu family	: 6
model		: 60
model name	: Intel(R) Core(TM) i5-4590 CPU @ 3.30GHz
stepping	: 3
microcode	: 0x1c
cpu MHz		: 3299.871
cache size	: 6144 KB
physical id	: 0
siblings	: 4
core id		: 2
cpu cores	: 4
apicid		: 4
initial apicid	: 4
fpu		: yes
fpu_exception	: yes
cpuid level	: 13
wp		: yes
flags		: fpu vme de pse tsc msr pae mce cx8 apic sep mtrr pge mca cmov pat pse36 clflush dts acpi mmx fxsr sse sse2 ss ht tm pbe syscall nx pdpe1gb rdtscp lm constant_tsc arch_perfmon pebs bts rep_good nopl xtopology nonstop_tsc aperfmperf eagerfpu pni pclmulqdq dtes64 monitor ds_cpl vmx smx est tm2 ssse3 sdbg fma cx16 xtpr pdcm pcid sse4_1 sse4_2 x2apic movbe popcnt tsc_deadline_timer aes xsave avx f16c rdrand lahf_lm abm epb tpr_shadow vnmi flexpriority ept vpid fsgsbase tsc_adjust bmi1 avx2 smep bmi2 erms invpcid xsaveopt dtherm ida arat pln pts
bugs		:
bogomips	: 6584.91
clflush size	: 64
cache_alignment	: 64
address sizes	: 39 bits physical, 48 bits virtual
power management:

processor	: 3
vendor_id	: GenuineIntel
cpu family	: 6
model		: 60
model name	: Intel(R) Core(TM) i5-4590 CPU @ 3.30GHz
stepping	: 3
microcode	: 0x1c
cpu MHz		: 3374.765
cache size	: 6144 KB
physical id	: 0
siblings	: 4
core id		: 3
cpu cores	: 4
apicid		: 6
initial apicid	: 6
fpu		: yes
fpu_exception	: yes
cpuid level	: 13
wp		: yes
flags		: fpu vme de pse tsc msr pae mce cx8 apic sep mtrr pge mca cmov pat pse36 clflush dts acpi mmx fxsr sse sse2 ss ht tm pbe syscall nx pdpe1gb rdtscp lm constant_tsc arch_perfmon pebs bts rep_good nopl xtopology nonstop_tsc aperfmperf eagerfpu pni pclmulqdq dtes64 monitor ds_cpl vmx smx est tm2 ssse3 sdbg fma cx16 xtpr pdcm pcid sse4_1 sse4_2 x2apic movbe popcnt tsc_deadline_timer aes xsave avx f16c rdrand lahf_lm abm epb tpr_shadow vnmi flexpriority ept vpid fsgsbase tsc_adjust bmi1 avx2 smep bmi2 erms invpcid xsaveopt dtherm ida arat pln pts
bugs		:
bogomips	: 6584.91
clflush size	: 64
cache_alignment	: 64
address sizes	: 39 bits physical, 48 bits virtual
power management:



Memory: 4k page, physical 12207624k(137172k free), swap 3905532k(0k free)

vm_info: Java HotSpot(TM) 64-Bit Server VM (25.151-b12) for linux-amd64 JRE (1.8.0_151-b12), built on Sep  5 2017 19:20:58 by "java_re" with gcc 4.3.0 20080428 (Red Hat 4.3.0-8)

time: Fri Dec  1 16:41:35 2017
elapsed time: 5 seconds (0d 0h 0m 5s)

